<?xml version="1.0" encoding="UTF-8"?>
<!-- Generated by org.testng.reporters.JUnitXMLReporter -->
<testsuite ignored="0" hostname="DESKTOP-QF2NLOT" failures="0" tests="10" name="Default test" time="246.256" errors="0" timestamp="2025-07-02T06:12:56 PDT">
  <testcase classname="Testcase.Testcases" name="testLogin" time="0.607"/>
  <testcase classname="Testcase.Testcases" name="testChangePassword" time="3.196"/>
  <testcase classname="Testcase.Testcases" name="testEditProfile" time="0.799"/>
  <testcase classname="Testcase.Testcases" name="testFutureBooking" time="0.001"/>
  <testcase classname="Testcase.Testcases" name="testPastBooking" time="5.542"/>
  <testcase classname="Testcase.Testcases" name="testF2FNonSpokenBooking" time="0.002"/>
  <testcase classname="Testcase.Testcases" name="testF2FSpokenBooking" time="31.845"/>
  <testcase classname="Testcase.Testcases" name="testTelephoneBooking" time="11.724"/>
  <testcase classname="Testcase.Testcases" name="testVideoSpokenBooking" time="25.892"/>
  <testcase classname="Testcase.Testcases" name="testLogout" time="0.001"/>
</testsuite> <!-- Default test -->
