<?xml version="1.0" encoding="UTF-8"?>
<testng-results ignored="0" total="10" passed="10" failed="0" skipped="0">
  <reporter-output>
  </reporter-output>
  <suite started-at="2025-07-02T06:08:50 PDT" name="Default suite" finished-at="2025-07-02T06:12:56 PDT" duration-ms="246256">
    <groups>
    </groups>
    <test started-at="2025-07-02T06:08:50 PDT" name="Default test" finished-at="2025-07-02T06:12:56 PDT" duration-ms="246256">
      <class name="Testcase.Testcases">
        <test-method is-config="true" signature="setupReport()[pri:0, instance:Testcase.Testcases@616fe72b]" started-at="2025-07-02T06:08:49 PDT" name="setupReport" finished-at="2025-07-02T06:08:50 PDT" duration-ms="313" status="PASS">
          <reporter-output>
          </reporter-output>
        </test-method> <!-- setupReport -->
        <test-method is-config="true" signature="setupBrowser(java.lang.reflect.Method)[pri:0, instance:Testcase.Testcases@616fe72b]" started-at="2025-07-02T06:08:50 PDT" name="setupBrowser" finished-at="2025-07-02T06:09:05 PDT" duration-ms="15575" status="PASS">
          <params>
            <param index="0">
              <value>
                <![CDATA[public void Testcase.Testcases.testLogin()]]>
              </value>
            </param>
          </params>
          <reporter-output>
          </reporter-output>
        </test-method> <!-- setupBrowser -->
        <test-method is-config="true" signature="initPages()[pri:0, instance:Testcase.Testcases@616fe72b]" started-at="2025-07-02T06:09:05 PDT" name="initPages" finished-at="2025-07-02T06:09:05 PDT" duration-ms="11" status="PASS">
          <reporter-output>
          </reporter-output>
        </test-method> <!-- initPages -->
        <test-method signature="testLogin()[pri:1, instance:Testcase.Testcases@616fe72b]" started-at="2025-07-02T06:09:05 PDT" name="testLogin" finished-at="2025-07-02T06:09:06 PDT" duration-ms="607" status="PASS">
          <reporter-output>
          </reporter-output>
        </test-method> <!-- testLogin -->
        <test-method is-config="true" signature="tearDown(org.testng.ITestResult)[pri:0, instance:Testcase.Testcases@616fe72b]" started-at="2025-07-02T06:09:06 PDT" name="tearDown" finished-at="2025-07-02T06:09:06 PDT" duration-ms="246" status="PASS">
          <params>
            <param index="0">
              <value>
                <![CDATA[[TestResult name=testLogin status=SUCCESS method=Testcases.testLogin()[pri:1, instance:Testcase.Testcases@616fe72b] output={null}]]]>
              </value>
            </param>
          </params>
          <reporter-output>
          </reporter-output>
        </test-method> <!-- tearDown -->
        <test-method is-config="true" signature="setupBrowser(java.lang.reflect.Method)[pri:0, instance:Testcase.Testcases@616fe72b]" started-at="2025-07-02T06:09:06 PDT" name="setupBrowser" finished-at="2025-07-02T06:09:27 PDT" duration-ms="21174" status="PASS">
          <params>
            <param index="0">
              <value>
                <![CDATA[public void Testcase.Testcases.testChangePassword()]]>
              </value>
            </param>
          </params>
          <reporter-output>
          </reporter-output>
        </test-method> <!-- setupBrowser -->
        <test-method is-config="true" signature="initPages()[pri:0, instance:Testcase.Testcases@616fe72b]" started-at="2025-07-02T06:09:27 PDT" name="initPages" finished-at="2025-07-02T06:09:27 PDT" duration-ms="1" status="PASS">
          <reporter-output>
          </reporter-output>
        </test-method> <!-- initPages -->
        <test-method signature="testChangePassword()[pri:2, instance:Testcase.Testcases@616fe72b]" started-at="2025-07-02T06:09:27 PDT" name="testChangePassword" finished-at="2025-07-02T06:09:31 PDT" duration-ms="3196" status="PASS">
          <reporter-output>
          </reporter-output>
        </test-method> <!-- testChangePassword -->
        <test-method is-config="true" signature="tearDown(org.testng.ITestResult)[pri:0, instance:Testcase.Testcases@616fe72b]" started-at="2025-07-02T06:09:31 PDT" name="tearDown" finished-at="2025-07-02T06:09:31 PDT" duration-ms="307" status="PASS">
          <params>
            <param index="0">
              <value>
                <![CDATA[[TestResult name=testChangePassword status=SUCCESS method=Testcases.testChangePassword()[pri:2, instance:Testcase.Testcases@616fe72b] output={null}]]]>
              </value>
            </param>
          </params>
          <reporter-output>
          </reporter-output>
        </test-method> <!-- tearDown -->
        <test-method is-config="true" signature="setupBrowser(java.lang.reflect.Method)[pri:0, instance:Testcase.Testcases@616fe72b]" started-at="2025-07-02T06:09:31 PDT" name="setupBrowser" finished-at="2025-07-02T06:09:44 PDT" duration-ms="13250" status="PASS">
          <params>
            <param index="0">
              <value>
                <![CDATA[public void Testcase.Testcases.testEditProfile()]]>
              </value>
            </param>
          </params>
          <reporter-output>
          </reporter-output>
        </test-method> <!-- setupBrowser -->
        <test-method is-config="true" signature="initPages()[pri:0, instance:Testcase.Testcases@616fe72b]" started-at="2025-07-02T06:09:44 PDT" name="initPages" finished-at="2025-07-02T06:09:44 PDT" duration-ms="0" status="PASS">
          <reporter-output>
          </reporter-output>
        </test-method> <!-- initPages -->
        <test-method signature="testEditProfile()[pri:3, instance:Testcase.Testcases@616fe72b]" started-at="2025-07-02T06:09:44 PDT" name="testEditProfile" finished-at="2025-07-02T06:09:45 PDT" duration-ms="799" status="PASS">
          <reporter-output>
          </reporter-output>
        </test-method> <!-- testEditProfile -->
        <test-method is-config="true" signature="tearDown(org.testng.ITestResult)[pri:0, instance:Testcase.Testcases@616fe72b]" started-at="2025-07-02T06:09:45 PDT" name="tearDown" finished-at="2025-07-02T06:09:45 PDT" duration-ms="211" status="PASS">
          <params>
            <param index="0">
              <value>
                <![CDATA[[TestResult name=testEditProfile status=SUCCESS method=Testcases.testEditProfile()[pri:3, instance:Testcase.Testcases@616fe72b] output={null}]]]>
              </value>
            </param>
          </params>
          <reporter-output>
          </reporter-output>
        </test-method> <!-- tearDown -->
        <test-method is-config="true" signature="setupBrowser(java.lang.reflect.Method)[pri:0, instance:Testcase.Testcases@616fe72b]" started-at="2025-07-02T06:09:45 PDT" name="setupBrowser" finished-at="2025-07-02T06:09:58 PDT" duration-ms="12745" status="PASS">
          <params>
            <param index="0">
              <value>
                <![CDATA[public void Testcase.Testcases.testFutureBooking()]]>
              </value>
            </param>
          </params>
          <reporter-output>
          </reporter-output>
        </test-method> <!-- setupBrowser -->
        <test-method is-config="true" signature="initPages()[pri:0, instance:Testcase.Testcases@616fe72b]" started-at="2025-07-02T06:09:58 PDT" name="initPages" finished-at="2025-07-02T06:09:58 PDT" duration-ms="0" status="PASS">
          <reporter-output>
          </reporter-output>
        </test-method> <!-- initPages -->
        <test-method signature="testFutureBooking()[pri:4, instance:Testcase.Testcases@616fe72b]" started-at="2025-07-02T06:09:58 PDT" name="testFutureBooking" finished-at="2025-07-02T06:09:58 PDT" duration-ms="1" status="PASS">
          <reporter-output>
          </reporter-output>
        </test-method> <!-- testFutureBooking -->
        <test-method is-config="true" signature="tearDown(org.testng.ITestResult)[pri:0, instance:Testcase.Testcases@616fe72b]" started-at="2025-07-02T06:09:58 PDT" name="tearDown" finished-at="2025-07-02T06:09:58 PDT" duration-ms="233" status="PASS">
          <params>
            <param index="0">
              <value>
                <![CDATA[[TestResult name=testFutureBooking status=SUCCESS method=Testcases.testFutureBooking()[pri:4, instance:Testcase.Testcases@616fe72b] output={null}]]]>
              </value>
            </param>
          </params>
          <reporter-output>
          </reporter-output>
        </test-method> <!-- tearDown -->
        <test-method is-config="true" signature="setupBrowser(java.lang.reflect.Method)[pri:0, instance:Testcase.Testcases@616fe72b]" started-at="2025-07-02T06:09:58 PDT" name="setupBrowser" finished-at="2025-07-02T06:10:33 PDT" duration-ms="34990" status="PASS">
          <params>
            <param index="0">
              <value>
                <![CDATA[public void Testcase.Testcases.testPastBooking()]]>
              </value>
            </param>
          </params>
          <reporter-output>
          </reporter-output>
        </test-method> <!-- setupBrowser -->
        <test-method is-config="true" signature="initPages()[pri:0, instance:Testcase.Testcases@616fe72b]" started-at="2025-07-02T06:10:33 PDT" name="initPages" finished-at="2025-07-02T06:10:33 PDT" duration-ms="2" status="PASS">
          <reporter-output>
          </reporter-output>
        </test-method> <!-- initPages -->
        <test-method signature="testPastBooking()[pri:5, instance:Testcase.Testcases@616fe72b]" started-at="2025-07-02T06:10:33 PDT" name="testPastBooking" finished-at="2025-07-02T06:10:39 PDT" duration-ms="5542" status="PASS">
          <reporter-output>
          </reporter-output>
        </test-method> <!-- testPastBooking -->
        <test-method is-config="true" signature="tearDown(org.testng.ITestResult)[pri:0, instance:Testcase.Testcases@616fe72b]" started-at="2025-07-02T06:10:39 PDT" name="tearDown" finished-at="2025-07-02T06:10:39 PDT" duration-ms="222" status="PASS">
          <params>
            <param index="0">
              <value>
                <![CDATA[[TestResult name=testPastBooking status=SUCCESS method=Testcases.testPastBooking()[pri:5, instance:Testcase.Testcases@616fe72b] output={null}]]]>
              </value>
            </param>
          </params>
          <reporter-output>
          </reporter-output>
        </test-method> <!-- tearDown -->
        <test-method is-config="true" signature="setupBrowser(java.lang.reflect.Method)[pri:0, instance:Testcase.Testcases@616fe72b]" started-at="2025-07-02T06:10:39 PDT" name="setupBrowser" finished-at="2025-07-02T06:10:52 PDT" duration-ms="13307" status="PASS">
          <params>
            <param index="0">
              <value>
                <![CDATA[public void Testcase.Testcases.testF2FNonSpokenBooking() throws java.lang.InterruptedException]]>
              </value>
            </param>
          </params>
          <reporter-output>
          </reporter-output>
        </test-method> <!-- setupBrowser -->
        <test-method signature="testF2FNonSpokenBooking()[pri:6, instance:Testcase.Testcases@616fe72b]" started-at="2025-07-02T06:10:52 PDT" name="testF2FNonSpokenBooking" finished-at="2025-07-02T06:10:52 PDT" duration-ms="2" status="PASS">
          <reporter-output>
          </reporter-output>
        </test-method> <!-- testF2FNonSpokenBooking -->
        <test-method is-config="true" signature="initPages()[pri:0, instance:Testcase.Testcases@616fe72b]" started-at="2025-07-02T06:10:52 PDT" name="initPages" finished-at="2025-07-02T06:10:52 PDT" duration-ms="0" status="PASS">
          <reporter-output>
          </reporter-output>
        </test-method> <!-- initPages -->
        <test-method is-config="true" signature="tearDown(org.testng.ITestResult)[pri:0, instance:Testcase.Testcases@616fe72b]" started-at="2025-07-02T06:10:52 PDT" name="tearDown" finished-at="2025-07-02T06:10:53 PDT" duration-ms="292" status="PASS">
          <params>
            <param index="0">
              <value>
                <![CDATA[[TestResult name=testF2FNonSpokenBooking status=SUCCESS method=Testcases.testF2FNonSpokenBooking()[pri:6, instance:Testcase.Testcases@616fe72b] output={null}]]]>
              </value>
            </param>
          </params>
          <reporter-output>
          </reporter-output>
        </test-method> <!-- tearDown -->
        <test-method is-config="true" signature="setupBrowser(java.lang.reflect.Method)[pri:0, instance:Testcase.Testcases@616fe72b]" started-at="2025-07-02T06:10:53 PDT" name="setupBrowser" finished-at="2025-07-02T06:11:06 PDT" duration-ms="13171" status="PASS">
          <params>
            <param index="0">
              <value>
                <![CDATA[public void Testcase.Testcases.testF2FSpokenBooking() throws java.lang.InterruptedException]]>
              </value>
            </param>
          </params>
          <reporter-output>
          </reporter-output>
        </test-method> <!-- setupBrowser -->
        <test-method is-config="true" signature="initPages()[pri:0, instance:Testcase.Testcases@616fe72b]" started-at="2025-07-02T06:11:06 PDT" name="initPages" finished-at="2025-07-02T06:11:06 PDT" duration-ms="1" status="PASS">
          <reporter-output>
          </reporter-output>
        </test-method> <!-- initPages -->
        <test-method signature="testF2FSpokenBooking()[pri:7, instance:Testcase.Testcases@616fe72b]" started-at="2025-07-02T06:11:06 PDT" name="testF2FSpokenBooking" finished-at="2025-07-02T06:11:38 PDT" duration-ms="31845" status="PASS">
          <reporter-output>
          </reporter-output>
        </test-method> <!-- testF2FSpokenBooking -->
        <test-method is-config="true" signature="tearDown(org.testng.ITestResult)[pri:0, instance:Testcase.Testcases@616fe72b]" started-at="2025-07-02T06:11:38 PDT" name="tearDown" finished-at="2025-07-02T06:11:38 PDT" duration-ms="483" status="PASS">
          <params>
            <param index="0">
              <value>
                <![CDATA[[TestResult name=testF2FSpokenBooking status=SUCCESS method=Testcases.testF2FSpokenBooking()[pri:7, instance:Testcase.Testcases@616fe72b] output={null}]]]>
              </value>
            </param>
          </params>
          <reporter-output>
          </reporter-output>
        </test-method> <!-- tearDown -->
        <test-method is-config="true" signature="setupBrowser(java.lang.reflect.Method)[pri:0, instance:Testcase.Testcases@616fe72b]" started-at="2025-07-02T06:11:38 PDT" name="setupBrowser" finished-at="2025-07-02T06:11:50 PDT" duration-ms="12083" status="PASS">
          <params>
            <param index="0">
              <value>
                <![CDATA[public void Testcase.Testcases.testTelephoneBooking() throws java.lang.InterruptedException]]>
              </value>
            </param>
          </params>
          <reporter-output>
          </reporter-output>
        </test-method> <!-- setupBrowser -->
        <test-method is-config="true" signature="initPages()[pri:0, instance:Testcase.Testcases@616fe72b]" started-at="2025-07-02T06:11:50 PDT" name="initPages" finished-at="2025-07-02T06:11:50 PDT" duration-ms="1" status="PASS">
          <reporter-output>
          </reporter-output>
        </test-method> <!-- initPages -->
        <test-method signature="testTelephoneBooking()[pri:8, instance:Testcase.Testcases@616fe72b]" started-at="2025-07-02T06:11:50 PDT" name="testTelephoneBooking" finished-at="2025-07-02T06:12:02 PDT" duration-ms="11724" status="PASS">
          <reporter-output>
          </reporter-output>
        </test-method> <!-- testTelephoneBooking -->
        <test-method is-config="true" signature="tearDown(org.testng.ITestResult)[pri:0, instance:Testcase.Testcases@616fe72b]" started-at="2025-07-02T06:12:02 PDT" name="tearDown" finished-at="2025-07-02T06:12:02 PDT" duration-ms="336" status="PASS">
          <params>
            <param index="0">
              <value>
                <![CDATA[[TestResult name=testTelephoneBooking status=SUCCESS method=Testcases.testTelephoneBooking()[pri:8, instance:Testcase.Testcases@616fe72b] output={null}]]]>
              </value>
            </param>
          </params>
          <reporter-output>
          </reporter-output>
        </test-method> <!-- tearDown -->
        <test-method is-config="true" signature="setupBrowser(java.lang.reflect.Method)[pri:0, instance:Testcase.Testcases@616fe72b]" started-at="2025-07-02T06:12:02 PDT" name="setupBrowser" finished-at="2025-07-02T06:12:16 PDT" duration-ms="13662" status="PASS">
          <params>
            <param index="0">
              <value>
                <![CDATA[public void Testcase.Testcases.testVideoSpokenBooking() throws java.lang.InterruptedException]]>
              </value>
            </param>
          </params>
          <reporter-output>
          </reporter-output>
        </test-method> <!-- setupBrowser -->
        <test-method signature="testVideoSpokenBooking()[pri:10, instance:Testcase.Testcases@616fe72b]" started-at="2025-07-02T06:12:16 PDT" name="testVideoSpokenBooking" finished-at="2025-07-02T06:12:42 PDT" duration-ms="25892" status="PASS">
          <reporter-output>
          </reporter-output>
        </test-method> <!-- testVideoSpokenBooking -->
        <test-method is-config="true" signature="initPages()[pri:0, instance:Testcase.Testcases@616fe72b]" started-at="2025-07-02T06:12:16 PDT" name="initPages" finished-at="2025-07-02T06:12:16 PDT" duration-ms="0" status="PASS">
          <reporter-output>
          </reporter-output>
        </test-method> <!-- initPages -->
        <test-method is-config="true" signature="tearDown(org.testng.ITestResult)[pri:0, instance:Testcase.Testcases@616fe72b]" started-at="2025-07-02T06:12:42 PDT" name="tearDown" finished-at="2025-07-02T06:12:42 PDT" duration-ms="278" status="PASS">
          <params>
            <param index="0">
              <value>
                <![CDATA[[TestResult name=testVideoSpokenBooking status=SUCCESS method=Testcases.testVideoSpokenBooking()[pri:10, instance:Testcase.Testcases@616fe72b] output={null}]]]>
              </value>
            </param>
          </params>
          <reporter-output>
          </reporter-output>
        </test-method> <!-- tearDown -->
        <test-method is-config="true" signature="setupBrowser(java.lang.reflect.Method)[pri:0, instance:Testcase.Testcases@616fe72b]" started-at="2025-07-02T06:12:42 PDT" name="setupBrowser" finished-at="2025-07-02T06:12:56 PDT" duration-ms="13756" status="PASS">
          <params>
            <param index="0">
              <value>
                <![CDATA[public void Testcase.Testcases.testLogout()]]>
              </value>
            </param>
          </params>
          <reporter-output>
          </reporter-output>
        </test-method> <!-- setupBrowser -->
        <test-method is-config="true" signature="initPages()[pri:0, instance:Testcase.Testcases@616fe72b]" started-at="2025-07-02T06:12:56 PDT" name="initPages" finished-at="2025-07-02T06:12:56 PDT" duration-ms="1" status="PASS">
          <reporter-output>
          </reporter-output>
        </test-method> <!-- initPages -->
        <test-method signature="testLogout()[pri:11, instance:Testcase.Testcases@616fe72b]" started-at="2025-07-02T06:12:56 PDT" name="testLogout" finished-at="2025-07-02T06:12:56 PDT" duration-ms="1" status="PASS">
          <reporter-output>
          </reporter-output>
        </test-method> <!-- testLogout -->
        <test-method is-config="true" signature="tearDown(org.testng.ITestResult)[pri:0, instance:Testcase.Testcases@616fe72b]" started-at="2025-07-02T06:12:56 PDT" name="tearDown" finished-at="2025-07-02T06:12:56 PDT" duration-ms="219" status="PASS">
          <params>
            <param index="0">
              <value>
                <![CDATA[[TestResult name=testLogout status=SUCCESS method=Testcases.testLogout()[pri:11, instance:Testcase.Testcases@616fe72b] output={null}]]]>
              </value>
            </param>
          </params>
          <reporter-output>
          </reporter-output>
        </test-method> <!-- tearDown -->
        <test-method is-config="true" signature="tearDownReport()[pri:0, instance:Testcase.Testcases@616fe72b]" started-at="2025-07-02T06:12:56 PDT" name="tearDownReport" finished-at="2025-07-02T06:12:57 PDT" duration-ms="465" status="PASS">
          <reporter-output>
          </reporter-output>
        </test-method> <!-- tearDownReport -->
      </class> <!-- Testcase.Testcases -->
    </test> <!-- Default test -->
  </suite> <!-- Default suite -->
</testng-results>
